[2020-09-11 14:52:25.000][info][main:14]: Lua Lsp startup, root: 	/home/raoul/.config/sublime-text-3/Packages/LSP-lua
[2020-09-11 14:52:25.000][debug][main:15]: ROOT:	/home/raoul/.config/sublime-text-3/Packages/LSP-lua
[2020-09-11 14:52:25.046][info][script.language:125]: VSC language: en-us
[2020-09-11 14:52:25.046][info][script.language:126]: LS  language: en-us
[2020-09-11 14:52:25.155][debug][script.async.async:55]: Create thread, id: 	1	task: 	proto
[2020-09-11 14:52:25.167][debug][script.service:868]: collectgarbage: 	0.012
[2020-09-11 14:52:25.167][debug][script.service:939]: 
State
Main Mem:  [8097.629]kb
#001 Mem:  <Unknown>
-------------------
CachedVM:  [0]
AlivedVM:  [0]
DeadVM:    [0]
-------------------
CachedSrc: [0]
AlivedSrc: [1]
DeadSrc:   [0]
-------------------
CachedFunc:[0]
AlivedFunc:[0]
DeadFunc:  [0]
-------------------
TotalVal:  [0]
DeadVal:   [0]
-------------------
TotalLoc:  [0]
TotalEmmy: [10]

[2020-09-11 14:52:25.167][debug][script.service:981]: test memory: 	0.000
[2020-09-11 14:52:25.169][info][script.method.initialize:22]: {
	capabilities = {
		textDocument = {
			codeAction = {
				codeActionLiteralSupport = {
					codeActionKind = {
						valueSet = {
							[1] = "quickfix",
							[2] = "refactor",
							[3] = "refactor.extract",
							[4] = "refactor.inline",
							[5] = "refactor.rewrite",
							[6] = "source.organizeImports",
						},
					},
				},
				dynamicRegistration = true,
			},
			colorProvider = {
				dynamicRegistration = true,
			},
			completion = {
				completionItem = {
					deprecatedSupport = true,
					documentationFormat = {
						[1] = "markdown",
						[2] = "plaintext",
					},
					snippetSupport = true,
					tagSupport = {
						valueSet = {
							[1] = 1,
						},
					},
				},
				completionItemKind = {
					valueSet = {
						[01] = 1,
						[02] = 2,
						[03] = 3,
						[04] = 4,
						[05] = 5,
						[06] = 6,
						[07] = 7,
						[08] = 8,
						[09] = 9,
						[10] = 10,
						[11] = 11,
						[12] = 12,
						[13] = 13,
						[14] = 14,
						[15] = 15,
						[16] = 16,
						[17] = 17,
						[18] = 18,
						[19] = 19,
						[20] = 20,
						[21] = 21,
						[22] = 22,
						[23] = 23,
						[24] = 24,
						[25] = 25,
					},
				},
				dynamicRegistration = true,
			},
			declaration = {
				dynamicRegistration = true,
				linkSupport = true,
			},
			definition = {
				dynamicRegistration = true,
				linkSupport = true,
			},
			documentHighlight = {
				dynamicRegistration = true,
			},
			documentSymbol = {
				["hierarchicalDocumentSymbolSupport"] = true,
				dynamicRegistration = true,
				symbolKind = {
					valueSet = {
						[01] = 1,
						[02] = 2,
						[03] = 3,
						[04] = 4,
						[05] = 5,
						[06] = 6,
						[07] = 7,
						[08] = 8,
						[09] = 9,
						[10] = 10,
						[11] = 11,
						[12] = 12,
						[13] = 13,
						[14] = 14,
						[15] = 15,
						[16] = 16,
						[17] = 17,
						[18] = 18,
						[19] = 19,
						[20] = 20,
						[21] = 21,
						[22] = 22,
						[23] = 23,
						[24] = 24,
						[25] = 25,
						[26] = 26,
					},
				},
			},
			formatting = {
				dynamicRegistration = true,
			},
			hover = {
				contentFormat = {
					[1] = "markdown",
					[2] = "plaintext",
				},
				dynamicRegistration = true,
			},
			implementation = {
				dynamicRegistration = true,
				linkSupport = true,
			},
			publishDiagnostics = {
				relatedInformation = true,
			},
			rangeFormatting = {
				dynamicRegistration = true,
			},
			references = {
				dynamicRegistration = true,
			},
			rename = {
				dynamicRegistration = true,
				prepareSupport = true,
			},
			selectionRange = {
				dynamicRegistration = true,
			},
			signatureHelp = {
				dynamicRegistration = true,
				signatureInformation = {
					documentationFormat = {
						[1] = "markdown",
						[2] = "plaintext",
					},
					parameterInformation = {
						labelOffsetSupport = true,
					},
				},
			},
			synchronization = {
				didSave = true,
				dynamicRegistration = true,
				willSave = true,
				willSaveWaitUntil = true,
			},
			typeDefinition = {
				dynamicRegistration = true,
				linkSupport = true,
			},
		},
		window = {
			workDoneProgress = true,
		},
		workspace = {
			applyEdit = true,
			configuration = true,
			didChangeConfiguration = {
				dynamicRegistration = true,
			},
			executeCommand = {
			},
			symbol = {
				dynamicRegistration = true,
				symbolKind = {
					valueSet = {
						[01] = 1,
						[02] = 2,
						[03] = 3,
						[04] = 4,
						[05] = 5,
						[06] = 6,
						[07] = 7,
						[08] = 8,
						[09] = 9,
						[10] = 10,
						[11] = 11,
						[12] = 12,
						[13] = 13,
						[14] = 14,
						[15] = 15,
						[16] = 16,
						[17] = 17,
						[18] = 18,
						[19] = 19,
						[20] = 20,
						[21] = 21,
						[22] = 22,
						[23] = 23,
						[24] = 24,
						[25] = 25,
						[26] = 26,
					},
				},
			},
			workspaceEdit = {
				documentChanges = true,
				failureHandling = "abort",
			},
			workspaceFolders = true,
		},
	},
	clientInfo = {
		name = "Sublime Text LSP",
		version = "1.0.12",
	},
	initializationOptions = {
	},
	processId = 16174,
	rootPath = "/home/raoul/.config/sublime-text-3/Packages/LSP-lua",
	rootUri = "file:///home/raoul/.config/sublime-text-3/Packages/LSP-lua",
	workspaceFolders = {
		[1] = {
			name = "LSP-lua",
			uri = "file:///home/raoul/.config/sublime-text-3/Packages/LSP-lua",
		},
	},
}
[2020-09-11 14:52:25.170][info][script.service:180]: Add workspace	LSP-lua	file:///home/raoul/.config/sublime-text-3/Packages/LSP-lua
[2020-09-11 14:52:25.170][debug][script.async.async:55]: Create thread, id: 	2	task: 	loadfile
[2020-09-11 14:52:25.170][info][script.workspace:145]: Workspace inited, root: 	/home/raoul/.config/sublime-text-3/Packages/LSP-lua
[2020-09-11 14:52:25.170][info][script.workspace:146]: Workspace inited, uri: 	file:///home/raoul/.config/sublime-text-3/Packages/LSP-lua
[2020-09-11 14:52:25.170][info][script.workspace:148]: Log path: 	/home/raoul/.config/sublime-text-3/Packages/LSP-lua/log/file_home_raoul_.config_sublime-text-3_Packages_LSP-lua.log
[2020-09-11 14:52:25.173][debug][script.config:197]: Config update: 	{
	color = {
		mode = "Semantic",
	},
	completion = {
		callSnippet = "Disable",
		displayContext = 6,
		enable = true,
		keywordSnippet = "Replace",
	},
	diagnostics = {
		disable = {
		},
		enable = true,
		globals = {
		},
		severity = {
			["ambiguity-1"] = "Warning",
			["duplicate-index"] = "Warning",
			["duplicate-method"] = "Warning",
			["emmy-lua"] = "Warning",
			["empty-block"] = "Hint",
			["global-in-nil-env"] = "Warning",
			["lowercase-global"] = "Information",
			["newfield-call"] = "Warning",
			["newline-call"] = "Information",
			["redefined-local"] = "Hint",
			["redundant-parameter"] = "Hint",
			["redundant-value"] = "Hint",
			["set-const"] = "Error",
			["set-for-state"] = "Warning",
			["trailing-space"] = "Hint",
			["undefined-env-child"] = "Information",
			["undefined-global"] = "Warning",
			["unused-function"] = "Hint",
			["unused-label"] = "Hint",
			["unused-local"] = "Hint",
			["unused-vararg"] = "Hint",
		},
	},
	hover = {
		enable = true,
		viewNumber = true,
		viewString = true,
		viewStringMax = 1000,
	},
	plugin = {
		enable = false,
		path = ".vscode/lua-plugin/*.lua",
	},
	runtime = {
		library = {
		},
		path = {
			[1] = "?.lua",
			[2] = "?/init.lua",
			[3] = "?/?.lua",
		},
		version = "Lua 5.3",
	},
	signatureHelp = {
		enable = true,
	},
	workspace = {
		ignoreDir = {
			[".vscode"] = true,
		},
		ignoreSubmodules = true,
		library = {
		},
		maxPreload = 300,
		preloadFileSize = 100,
		useGitIgnore = true,
	},
}	{
	associations = {
	},
	exclude = {
	},
}
[2020-09-11 14:52:25.173][debug][script.capability.completion:27]: Enable completion.
[2020-09-11 14:52:25.173][debug][script.service:816]: reScanFiles
[2020-09-11 14:52:25.173][debug][script.async.async:55]: Create thread, id: 	3	task: 	scanfiles
[2020-09-11 14:52:25.174][debug][script.config:197]: Config update: 	{
	color = {
		mode = "Semantic",
	},
	completion = {
		callSnippet = "Disable",
		displayContext = 6,
		enable = true,
		keywordSnippet = "Replace",
	},
	diagnostics = {
		disable = {
		},
		enable = true,
		globals = {
		},
		severity = {
			["ambiguity-1"] = "Warning",
			["duplicate-index"] = "Warning",
			["duplicate-method"] = "Warning",
			["emmy-lua"] = "Warning",
			["empty-block"] = "Hint",
			["global-in-nil-env"] = "Warning",
			["lowercase-global"] = "Information",
			["newfield-call"] = "Warning",
			["newline-call"] = "Information",
			["redefined-local"] = "Hint",
			["redundant-parameter"] = "Hint",
			["redundant-value"] = "Hint",
			["set-const"] = "Error",
			["set-for-state"] = "Warning",
			["trailing-space"] = "Hint",
			["undefined-env-child"] = "Information",
			["undefined-global"] = "Warning",
			["unused-function"] = "Hint",
			["unused-label"] = "Hint",
			["unused-local"] = "Hint",
			["unused-vararg"] = "Hint",
		},
	},
	hover = {
		enable = true,
		viewNumber = true,
		viewString = true,
		viewStringMax = 1000,
	},
	plugin = {
		enable = false,
		path = ".vscode/lua-plugin/*.lua",
	},
	runtime = {
		library = {
		},
		path = {
			[1] = "?.lua",
			[2] = "?/init.lua",
			[3] = "?/?.lua",
		},
		version = "Lua 5.3",
	},
	signatureHelp = {
		enable = true,
	},
	workspace = {
		ignoreDir = {
			[".vscode"] = true,
		},
		ignoreSubmodules = true,
		library = {
		},
		maxPreload = 300,
		preloadFileSize = 100,
		useGitIgnore = true,
	},
}	{
	associations = {
	},
	exclude = {
	},
}
[2020-09-11 14:52:25.174][debug][script.service:124]: clearDiagnostics	file:///home/raoul/.config/sublime-text-3/Packages/LSP-lua/main.lua
[2020-09-11 14:52:25.191][debug][script.method.initialized:77]: client/registerCapability Success!
[2020-09-11 14:52:25.191][debug][script.workspace:117]: Scanning:	/home/raoul/.config/sublime-text-3/Packages/LSP-lua
[2020-09-11 14:52:25.192][debug][script.workspace:117]: Scan pattern:	{
	[1] = ".vscode",
}
[2020-09-11 14:52:25.192][debug][script.workspace:117]: Scan options:	{
	ignoreCase = false,
}
[2020-09-11 14:52:25.219][info][script.workspace:111]: Scan finish, got	141	files.
[2020-09-11 14:52:25.220][debug][script.service:409]: reCompile:	137	137
[2020-09-11 14:52:25.235][debug][script.service:868]: collectgarbage: 	0.016
[2020-09-11 14:52:25.236][debug][script.service:939]: 
State
Main Mem:  [9216.736]kb
#001 Mem:  [65.392]kb
#002 Mem:  [101.810]kb
#003 Mem:  <Unknown>
-------------------
CachedVM:  [0]
AlivedVM:  [0]
DeadVM:    [0]
-------------------
CachedSrc: [0]
AlivedSrc: [1]
DeadSrc:   [1]
-------------------
CachedFunc:[0]
AlivedFunc:[0]
DeadFunc:  [0]
-------------------
TotalVal:  [303]
DeadVal:   [303]
-------------------
TotalLoc:  [0]
TotalEmmy: [10]

[2020-09-11 14:52:25.236][debug][script.service:981]: test memory: 	0.000
[2020-09-11 14:52:25.236][debug][script.service:124]: clearDiagnostics	file:///home/raoul/.config/sublime-text-3/Packages/LSP-lua/main.lua
[2020-09-11 14:52:25.256][debug][script.service:327]: Read failed due to duplicate:	file:///home/raoul/.config/sublime-text-3/Packages/LSP-lua/main.lua
[2020-09-11 14:53:19.754][info][script.method.shutdown:2]: Server shutdown.
[2020-09-11 14:53:19.754][info][script.method.exit:2]: Server exited.
